SF:lib\core\local_storage\shared_prefs_helper.dart
DA:4,2
DA:6,2
DA:7,2
DA:10,4
LF:4
LH:4
end_of_record
SF:lib\core\services\base.api.dart
DA:35,2
DA:40,2
DA:50,2
DA:53,2
DA:55,2
DA:56,2
DA:58,10
DA:59,2
DA:60,2
DA:61,5
DA:64,2
DA:65,1
DA:78,2
DA:83,8
DA:86,0
DA:96,2
DA:98,8
DA:101,0
DA:111,1
DA:113,4
DA:116,0
DA:126,1
DA:128,4
DA:131,0
DA:141,1
DA:143,4
DA:146,0
DA:154,2
DA:155,4
DA:156,2
DA:157,2
DA:158,2
DA:164,2
DA:165,2
DA:166,2
DA:174,2
DA:176,2
DA:179,5
DA:183,2
DA:184,8
LF:40
LH:35
end_of_record
SF:lib\core\services\intra-api\intra.api.dart
DA:32,2
DA:35,0
DA:43,1
DA:47,1
DA:48,2
DA:60,1
DA:63,1
DA:64,2
DA:76,0
DA:79,0
DA:80,0
DA:92,0
DA:95,0
DA:96,0
DA:108,0
DA:111,0
DA:112,0
DA:124,2
DA:125,2
DA:126,3
DA:128,3
DA:129,2
LF:22
LH:12
end_of_record
SF:lib\core\local_storage\auth_token\auth_token.prefs.dart
DA:6,2
DA:7,4
DA:10,0
DA:11,0
DA:14,0
DA:15,0
LF:6
LH:2
end_of_record
SF:lib\models\checkouts\checkout_request.model.dart
DA:18,2
DA:30,1
DA:31,1
DA:32,4
DA:43,1
DA:51,1
DA:52,1
DA:53,2
DA:65,1
DA:74,1
DA:75,1
DA:76,2
LF:12
LH:12
end_of_record
SF:lib\models\checkouts\checkout_request.model.g.dart
DA:9,1
DA:10,1
DA:11,1
DA:12,3
DA:13,1
DA:14,1
DA:15,2
DA:16,1
DA:17,1
DA:19,2
DA:20,1
DA:22,2
DA:23,1
DA:24,1
DA:25,2
DA:28,2
DA:29,2
DA:30,8
DA:31,2
DA:32,2
DA:33,2
DA:34,3
DA:35,3
DA:36,2
DA:37,2
DA:38,2
DA:41,1
DA:42,1
DA:43,1
DA:44,1
DA:45,1
DA:46,1
DA:47,1
DA:50,1
DA:51,1
DA:52,1
DA:53,1
DA:54,1
DA:55,1
DA:56,1
DA:59,1
DA:60,1
DA:61,1
DA:62,1
DA:63,1
DA:64,1
DA:65,1
DA:66,1
DA:69,1
DA:70,1
DA:71,1
DA:72,1
DA:73,1
DA:74,1
DA:75,1
DA:76,1
LF:56
LH:56
end_of_record
SF:lib\models\checkouts\calculate_item.model.dart
DA:11,2
DA:17,1
DA:18,1
DA:19,4
LF:4
LH:4
end_of_record
SF:lib\models\checkouts\calculate_item.model.g.dart
DA:9,1
DA:10,1
DA:11,1
DA:12,2
DA:13,2
DA:16,2
DA:17,2
DA:18,2
DA:19,2
DA:20,2
LF:10
LH:10
end_of_record
SF:lib\models\checkouts\checkout_response.model.dart
DA:15,2
DA:22,2
DA:23,2
DA:24,2
LF:4
LH:4
end_of_record
SF:lib\models\checkouts\checkout_response.model.g.dart
DA:9,2
DA:10,2
DA:11,2
DA:12,2
DA:13,2
DA:15,2
DA:16,2
DA:18,2
DA:19,2
DA:22,1
DA:23,1
DA:24,1
DA:25,1
DA:26,2
DA:27,2
DA:28,1
LF:16
LH:16
end_of_record
SF:lib\models\checkouts\pix_data.model.dart
DA:10,1
DA:12,1
DA:13,1
DA:14,2
LF:4
LH:4
end_of_record
SF:lib\models\checkouts\pix_data.model.g.dart
DA:9,2
DA:10,1
DA:11,1
DA:14,2
DA:15,1
DA:16,1
LF:6
LH:6
end_of_record
SF:lib\models\checkouts\bill_data.model.dart
DA:13,1
DA:21,1
DA:22,1
DA:23,2
LF:4
LH:4
end_of_record
SF:lib\models\checkouts\bill_data.model.g.dart
DA:9,2
DA:10,1
DA:11,1
DA:12,1
DA:13,1
DA:14,1
DA:17,2
DA:18,1
DA:19,1
DA:20,1
DA:21,1
DA:22,1
LF:12
LH:12
end_of_record
SF:lib\core\services\intra-api\md-checkout\checkouts_service.dart
DA:34,3
DA:37,3
DA:52,1
DA:55,1
DA:56,1
DA:57,1
DA:59,3
DA:60,1
DA:61,1
DA:62,1
DA:64,2
DA:66,3
DA:67,3
DA:68,1
DA:83,1
DA:87,2
DA:88,1
DA:89,1
DA:90,1
DA:92,0
DA:93,0
DA:94,0
DA:112,1
DA:116,2
DA:117,1
DA:118,1
DA:119,1
DA:121,0
DA:122,0
DA:123,0
DA:139,1
DA:141,1
DA:142,1
DA:143,1
DA:144,1
DA:145,1
DA:147,0
DA:148,0
DA:149,0
LF:39
LH:30
end_of_record
SF:lib\models\checkouts\payment_method.model.dart
DA:11,1
DA:16,1
DA:17,1
DA:18,0
LF:4
LH:3
end_of_record
SF:lib\models\checkouts\payment_method.model.g.dart
DA:9,1
DA:10,1
DA:11,1
DA:12,1
DA:13,2
DA:16,0
DA:17,0
DA:18,0
DA:19,0
DA:20,0
LF:10
LH:5
end_of_record
SF:lib\models\checkouts\calculate_request.model.dart
DA:10,1
DA:12,0
DA:13,0
DA:14,2
LF:4
LH:2
end_of_record
SF:lib\models\checkouts\calculate_request.model.g.dart
DA:9,0
DA:10,0
DA:11,0
DA:12,0
DA:13,0
DA:16,1
DA:17,1
DA:18,5
LF:8
LH:3
end_of_record
SF:lib\models\value_result.dart
DA:31,2
DA:37,2
DA:38,2
DA:46,2
DA:47,2
DA:54,2
DA:55,2
DA:56,1
DA:57,2
DA:59,2
DA:66,2
DA:67,2
DA:68,0
DA:70,2
DA:76,2
DA:79,4
DA:82,4
DA:94,2
DA:99,4
DA:100,2
DA:101,2
DA:105,3
DA:107,2
DA:108,0
DA:111,1
DA:113,1
DA:114,2
DA:115,0
DA:116,0
DA:117,2
DA:118,0
DA:119,2
DA:120,2
DA:121,2
DA:122,1
DA:125,2
DA:126,1
DA:127,1
DA:128,2
DA:129,0
DA:130,0
DA:134,0
DA:138,2
DA:146,1
DA:150,1
DA:151,2
DA:153,2
DA:157,0
DA:159,0
DA:160,0
DA:162,0
DA:166,1
DA:169,1
DA:170,3
DA:171,3
DA:172,3
DA:175,1
DA:176,8
LF:58
LH:46
end_of_record
SF:lib\core\constants\constants.dart
DA:19,1
DA:21,0
DA:22,0
DA:24,0
DA:25,0
DA:26,0
DA:29,0
LF:7
LH:1
end_of_record
SF:lib\core\constants\platform\platform_origin_stub.dart
DA:2,0
LF:1
LH:0
end_of_record
SF:lib\models\checkouts\calculate_response.model.dart
DA:11,1
DA:13,1
DA:14,1
DA:15,0
LF:4
LH:3
end_of_record
SF:lib\models\checkouts\calculate_response.model.g.dart
DA:9,1
DA:10,1
DA:11,2
DA:12,1
DA:13,1
DA:14,1
DA:17,0
DA:18,0
DA:19,0
DA:20,0
LF:10
LH:6
end_of_record
